2021-06-18T06:17:57+00:00 CRITICAL Out of memory (allocated 39845888) (tried to allocate 32768 bytes) in D:\xampp\htdocs\projects\2021\ballonvaren\ballonvaren-cn\plugins\woocommerce\packages\woocommerce-blocks\src\StoreApi\Routes\Products.php on line 1

2021-06-18T10:43:35+00:00 CRITICAL Uncaught Error: Call to undefined function is_endpoint() in D:\xampp\htdocs\projects\2021\ballonvaren\ballonvaren-cn\themes\ballonvaren\inc\wc-functions.php:581
Stack trace:
#0 D:\xampp\htdocs\projects\2021\ballonvaren\wp-includes\class-wp-hook.php(294): cbv_wc_custom_class(Array)
#1 D:\xampp\htdocs\projects\2021\ballonvaren\wp-includes\plugin.php(212): WP_Hook->apply_filters(Array, Array)
#2 D:\xampp\htdocs\projects\2021\ballonvaren\wp-includes\post-template.php(836): apply_filters('body_class', Array, Array)
#3 D:\xampp\htdocs\projects\2021\ballonvaren\wp-includes\post-template.php(595): get_body_class(Array)
#4 D:\xampp\htdocs\projects\2021\ballonvaren\ballonvaren-cn\themes\ballonvaren\header.php(167): body_class()
#5 D:\xampp\htdocs\projects\2021\ballonvaren\wp-includes\template.php(730): require_once('D:\\xampp\\htdocs...')
#6 D:\xampp\htdocs\projects\2021\ballonvaren\wp-includes\template.php(676): load_template('D:\\xampp\\htdocs...', true, Array)
#7 D:\xampp\htdocs\projects\2021\ballonvaren\wp-includes\general-template.php(48): locate_template(Array, true, true, Array)
#8 D:\xampp\htdocs\projects\2021\ballonvaren\ballonvaren-cn\themes\ballonvaren\page.php(1): get_header()
#9 D:\xampp\htdocs\projects\2021\ballonvaren\wp-includes\template-loader.php(106): include('D:\\xampp\\htdocs...')
#10 D:\xampp\htdocs\projects\2021\ballonvaren\wp-blog-header.php(19): require_once('D:\\xampp\\htdocs...')
#11 D:\xampp\htdocs\projects\2021\ballonvaren\index.php(17): require('D:\\xampp\\htdocs...')
#12 {main}
  thrown in D:\xampp\htdocs\projects\2021\ballonvaren\ballonvaren-cn\themes\ballonvaren\inc\wc-functions.php on line 581

2021-06-18T10:43:58+00:00 CRITICAL Uncaught Error: Call to undefined function is_endpoint() in D:\xampp\htdocs\projects\2021\ballonvaren\ballonvaren-cn\themes\ballonvaren\inc\wc-functions.php:581
Stack trace:
#0 D:\xampp\htdocs\projects\2021\ballonvaren\wp-includes\class-wp-hook.php(294): cbv_wc_custom_class(Array)
#1 D:\xampp\htdocs\projects\2021\ballonvaren\wp-includes\plugin.php(212): WP_Hook->apply_filters(Array, Array)
#2 D:\xampp\htdocs\projects\2021\ballonvaren\wp-includes\post-template.php(836): apply_filters('body_class', Array, Array)
#3 D:\xampp\htdocs\projects\2021\ballonvaren\wp-includes\post-template.php(595): get_body_class(Array)
#4 D:\xampp\htdocs\projects\2021\ballonvaren\ballonvaren-cn\themes\ballonvaren\header.php(167): body_class()
#5 D:\xampp\htdocs\projects\2021\ballonvaren\wp-includes\template.php(730): require_once('D:\\xampp\\htdocs...')
#6 D:\xampp\htdocs\projects\2021\ballonvaren\wp-includes\template.php(676): load_template('D:\\xampp\\htdocs...', true, Array)
#7 D:\xampp\htdocs\projects\2021\ballonvaren\wp-includes\general-template.php(48): locate_template(Array, true, true, Array)
#8 D:\xampp\htdocs\projects\2021\ballonvaren\ballonvaren-cn\themes\ballonvaren\page.php(1): get_header()
#9 D:\xampp\htdocs\projects\2021\ballonvaren\wp-includes\template-loader.php(106): include('D:\\xampp\\htdocs...')
#10 D:\xampp\htdocs\projects\2021\ballonvaren\wp-blog-header.php(19): require_once('D:\\xampp\\htdocs...')
#11 D:\xampp\htdocs\projects\2021\ballonvaren\index.php(17): require('D:\\xampp\\htdocs...')
#12 {main}
  thrown in D:\xampp\htdocs\projects\2021\ballonvaren\ballonvaren-cn\themes\ballonvaren\inc\wc-functions.php on line 581

