2021-06-09T07:14:43+00:00 CRITICAL Maximum execution time of 30 seconds exceeded in G:\xampp\htdocs\project\2021\may\ballonvaren\ballonvaren-cn\plugins\advanced-custom-fields-pro\pro\fields\class-acf-field-clone.php on line 3

2021-06-09T07:15:23+00:00 CRITICAL Maximum execution time of 30 seconds exceeded in G:\xampp\htdocs\project\2021\may\ballonvaren\wp-includes\Requests\Transport\cURL.php on line 463

2021-06-09T09:42:46+00:00 CRITICAL Uncaught Error: Call to undefined function get_link_by_page_template() in D:\xampp\htdocs\project\2021\march\ballonvaren\ballonvaren-cn\themes\ballonvaren\woocommerce\myaccount\orders.php:137
Stack trace:
#0 D:\xampp\htdocs\project\2021\march\ballonvaren\ballonvaren-cn\plugins\woocommerce\includes\wc-core-functions.php(345): include()
#1 D:\xampp\htdocs\project\2021\march\ballonvaren\ballonvaren-cn\plugins\woocommerce\includes\wc-template-functions.php(3133): wc_get_template('myaccount/order...', Array)
#2 D:\xampp\htdocs\project\2021\march\ballonvaren\wp-includes\class-wp-hook.php(292): woocommerce_account_orders(1)
#3 D:\xampp\htdocs\project\2021\march\ballonvaren\wp-includes\class-wp-hook.php(316): WP_Hook->apply_filters('', Array)
#4 D:\xampp\htdocs\project\2021\march\ballonvaren\wp-includes\plugin.php(484): WP_Hook->do_action(Array)
#5 D:\xampp\htdocs\project\2021\march\ballonvaren\ballonvaren-cn\plugins\woocommerce\includes\wc-template-functions.php(3082): do_action('woocommerce_acc...', '')
#6 D:\xampp in D:\xampp\htdocs\project\2021\march\ballonvaren\ballonvaren-cn\themes\ballonvaren\woocommerce\myaccount\orders.php on line 137

2021-06-09T09:46:33+00:00 CRITICAL Uncaught Error: Call to undefined function get_link_by_page_template() in D:\xampp\htdocs\project\2021\march\ballonvaren\ballonvaren-cn\themes\ballonvaren\woocommerce\myaccount\orders.php:137
Stack trace:
#0 D:\xampp\htdocs\project\2021\march\ballonvaren\ballonvaren-cn\plugins\woocommerce\includes\wc-core-functions.php(345): include()
#1 D:\xampp\htdocs\project\2021\march\ballonvaren\ballonvaren-cn\plugins\woocommerce\includes\wc-template-functions.php(3133): wc_get_template('myaccount/order...', Array)
#2 D:\xampp\htdocs\project\2021\march\ballonvaren\wp-includes\class-wp-hook.php(292): woocommerce_account_orders(1)
#3 D:\xampp\htdocs\project\2021\march\ballonvaren\wp-includes\class-wp-hook.php(316): WP_Hook->apply_filters('', Array)
#4 D:\xampp\htdocs\project\2021\march\ballonvaren\wp-includes\plugin.php(484): WP_Hook->do_action(Array)
#5 D:\xampp\htdocs\project\2021\march\ballonvaren\ballonvaren-cn\plugins\woocommerce\includes\wc-template-functions.php(3082): do_action('woocommerce_acc...', '')
#6 D:\xampp in D:\xampp\htdocs\project\2021\march\ballonvaren\ballonvaren-cn\themes\ballonvaren\woocommerce\myaccount\orders.php on line 137

2021-06-09T09:51:23+00:00 CRITICAL Uncaught Error: Call to undefined function get_link_by_page_template() in D:\xampp\htdocs\project\2021\march\ballonvaren\ballonvaren-cn\themes\ballonvaren\woocommerce\myaccount\orders.php:137
Stack trace:
#0 D:\xampp\htdocs\project\2021\march\ballonvaren\ballonvaren-cn\plugins\woocommerce\includes\wc-core-functions.php(345): include()
#1 D:\xampp\htdocs\project\2021\march\ballonvaren\ballonvaren-cn\plugins\woocommerce\includes\wc-template-functions.php(3133): wc_get_template('myaccount/order...', Array)
#2 D:\xampp\htdocs\project\2021\march\ballonvaren\wp-includes\class-wp-hook.php(292): woocommerce_account_orders(1)
#3 D:\xampp\htdocs\project\2021\march\ballonvaren\wp-includes\class-wp-hook.php(316): WP_Hook->apply_filters('', Array)
#4 D:\xampp\htdocs\project\2021\march\ballonvaren\wp-includes\plugin.php(484): WP_Hook->do_action(Array)
#5 D:\xampp\htdocs\project\2021\march\ballonvaren\ballonvaren-cn\plugins\woocommerce\includes\wc-template-functions.php(3082): do_action('woocommerce_acc...', '')
#6 D:\xampp in D:\xampp\htdocs\project\2021\march\ballonvaren\ballonvaren-cn\themes\ballonvaren\woocommerce\myaccount\orders.php on line 137

2021-06-09T09:51:33+00:00 CRITICAL Uncaught Error: Call to undefined function get_link_by_page_template() in D:\xampp\htdocs\project\2021\march\ballonvaren\ballonvaren-cn\themes\ballonvaren\woocommerce\myaccount\orders.php:137
Stack trace:
#0 D:\xampp\htdocs\project\2021\march\ballonvaren\ballonvaren-cn\plugins\woocommerce\includes\wc-core-functions.php(345): include()
#1 D:\xampp\htdocs\project\2021\march\ballonvaren\ballonvaren-cn\plugins\woocommerce\includes\wc-template-functions.php(3133): wc_get_template('myaccount/order...', Array)
#2 D:\xampp\htdocs\project\2021\march\ballonvaren\wp-includes\class-wp-hook.php(292): woocommerce_account_orders(1)
#3 D:\xampp\htdocs\project\2021\march\ballonvaren\wp-includes\class-wp-hook.php(316): WP_Hook->apply_filters('', Array)
#4 D:\xampp\htdocs\project\2021\march\ballonvaren\wp-includes\plugin.php(484): WP_Hook->do_action(Array)
#5 D:\xampp\htdocs\project\2021\march\ballonvaren\ballonvaren-cn\plugins\woocommerce\includes\wc-template-functions.php(3082): do_action('woocommerce_acc...', '')
#6 D:\xampp in D:\xampp\htdocs\project\2021\march\ballonvaren\ballonvaren-cn\themes\ballonvaren\woocommerce\myaccount\orders.php on line 137

2021-06-09T09:51:37+00:00 CRITICAL Uncaught Error: Call to undefined function get_link_by_page_template() in D:\xampp\htdocs\project\2021\march\ballonvaren\ballonvaren-cn\themes\ballonvaren\woocommerce\myaccount\orders.php:137
Stack trace:
#0 D:\xampp\htdocs\project\2021\march\ballonvaren\ballonvaren-cn\plugins\woocommerce\includes\wc-core-functions.php(345): include()
#1 D:\xampp\htdocs\project\2021\march\ballonvaren\ballonvaren-cn\plugins\woocommerce\includes\wc-template-functions.php(3133): wc_get_template('myaccount/order...', Array)
#2 D:\xampp\htdocs\project\2021\march\ballonvaren\wp-includes\class-wp-hook.php(292): woocommerce_account_orders(1)
#3 D:\xampp\htdocs\project\2021\march\ballonvaren\wp-includes\class-wp-hook.php(316): WP_Hook->apply_filters('', Array)
#4 D:\xampp\htdocs\project\2021\march\ballonvaren\wp-includes\plugin.php(484): WP_Hook->do_action(Array)
#5 D:\xampp\htdocs\project\2021\march\ballonvaren\ballonvaren-cn\plugins\woocommerce\includes\wc-template-functions.php(3082): do_action('woocommerce_acc...', '')
#6 D:\xampp in D:\xampp\htdocs\project\2021\march\ballonvaren\ballonvaren-cn\themes\ballonvaren\woocommerce\myaccount\orders.php on line 137

2021-06-09T09:52:39+00:00 CRITICAL Uncaught Error: Call to undefined function get_link_by_page_template() in D:\xampp\htdocs\project\2021\march\ballonvaren\ballonvaren-cn\themes\ballonvaren\woocommerce\myaccount\orders.php:137
Stack trace:
#0 D:\xampp\htdocs\project\2021\march\ballonvaren\ballonvaren-cn\plugins\woocommerce\includes\wc-core-functions.php(345): include()
#1 D:\xampp\htdocs\project\2021\march\ballonvaren\ballonvaren-cn\plugins\woocommerce\includes\wc-template-functions.php(3133): wc_get_template('myaccount/order...', Array)
#2 D:\xampp\htdocs\project\2021\march\ballonvaren\wp-includes\class-wp-hook.php(292): woocommerce_account_orders(1)
#3 D:\xampp\htdocs\project\2021\march\ballonvaren\wp-includes\class-wp-hook.php(316): WP_Hook->apply_filters('', Array)
#4 D:\xampp\htdocs\project\2021\march\ballonvaren\wp-includes\plugin.php(484): WP_Hook->do_action(Array)
#5 D:\xampp\htdocs\project\2021\march\ballonvaren\ballonvaren-cn\plugins\woocommerce\includes\wc-template-functions.php(3082): do_action('woocommerce_acc...', '')
#6 D:\xampp in D:\xampp\htdocs\project\2021\march\ballonvaren\ballonvaren-cn\themes\ballonvaren\woocommerce\myaccount\orders.php on line 137

2021-06-09T09:54:22+00:00 CRITICAL Uncaught Error: Call to undefined function get_link_by_page_template() in D:\xampp\htdocs\project\2021\march\ballonvaren\ballonvaren-cn\themes\ballonvaren\woocommerce\myaccount\orders.php:137
Stack trace:
#0 D:\xampp\htdocs\project\2021\march\ballonvaren\ballonvaren-cn\plugins\woocommerce\includes\wc-core-functions.php(345): include()
#1 D:\xampp\htdocs\project\2021\march\ballonvaren\ballonvaren-cn\plugins\woocommerce\includes\wc-template-functions.php(3133): wc_get_template('myaccount/order...', Array)
#2 D:\xampp\htdocs\project\2021\march\ballonvaren\wp-includes\class-wp-hook.php(292): woocommerce_account_orders(1)
#3 D:\xampp\htdocs\project\2021\march\ballonvaren\wp-includes\class-wp-hook.php(316): WP_Hook->apply_filters('', Array)
#4 D:\xampp\htdocs\project\2021\march\ballonvaren\wp-includes\plugin.php(484): WP_Hook->do_action(Array)
#5 D:\xampp\htdocs\project\2021\march\ballonvaren\ballonvaren-cn\plugins\woocommerce\includes\wc-template-functions.php(3082): do_action('woocommerce_acc...', '')
#6 D:\xampp in D:\xampp\htdocs\project\2021\march\ballonvaren\ballonvaren-cn\themes\ballonvaren\woocommerce\myaccount\orders.php on line 137

2021-06-09T09:57:47+00:00 CRITICAL Uncaught Error: Call to undefined function get_link_by_page_template() in D:\xampp\htdocs\project\2021\march\ballonvaren\ballonvaren-cn\themes\ballonvaren\woocommerce\myaccount\orders.php:137
Stack trace:
#0 D:\xampp\htdocs\project\2021\march\ballonvaren\ballonvaren-cn\plugins\woocommerce\includes\wc-core-functions.php(345): include()
#1 D:\xampp\htdocs\project\2021\march\ballonvaren\ballonvaren-cn\plugins\woocommerce\includes\wc-template-functions.php(3133): wc_get_template('myaccount/order...', Array)
#2 D:\xampp\htdocs\project\2021\march\ballonvaren\wp-includes\class-wp-hook.php(292): woocommerce_account_orders(1)
#3 D:\xampp\htdocs\project\2021\march\ballonvaren\wp-includes\class-wp-hook.php(316): WP_Hook->apply_filters('', Array)
#4 D:\xampp\htdocs\project\2021\march\ballonvaren\wp-includes\plugin.php(484): WP_Hook->do_action(Array)
#5 D:\xampp\htdocs\project\2021\march\ballonvaren\ballonvaren-cn\plugins\woocommerce\includes\wc-template-functions.php(3082): do_action('woocommerce_acc...', '')
#6 D:\xampp in D:\xampp\htdocs\project\2021\march\ballonvaren\ballonvaren-cn\themes\ballonvaren\woocommerce\myaccount\orders.php on line 137

2021-06-09T10:00:24+00:00 CRITICAL Uncaught Error: Call to undefined function get_link_by_page_template() in D:\xampp\htdocs\project\2021\march\ballonvaren\ballonvaren-cn\themes\ballonvaren\woocommerce\myaccount\orders.php:137
Stack trace:
#0 D:\xampp\htdocs\project\2021\march\ballonvaren\ballonvaren-cn\plugins\woocommerce\includes\wc-core-functions.php(345): include()
#1 D:\xampp\htdocs\project\2021\march\ballonvaren\ballonvaren-cn\plugins\woocommerce\includes\wc-template-functions.php(3133): wc_get_template('myaccount/order...', Array)
#2 D:\xampp\htdocs\project\2021\march\ballonvaren\wp-includes\class-wp-hook.php(292): woocommerce_account_orders(1)
#3 D:\xampp\htdocs\project\2021\march\ballonvaren\wp-includes\class-wp-hook.php(316): WP_Hook->apply_filters('', Array)
#4 D:\xampp\htdocs\project\2021\march\ballonvaren\wp-includes\plugin.php(484): WP_Hook->do_action(Array)
#5 D:\xampp\htdocs\project\2021\march\ballonvaren\ballonvaren-cn\plugins\woocommerce\includes\wc-template-functions.php(3082): do_action('woocommerce_acc...', '')
#6 D:\xampp in D:\xampp\htdocs\project\2021\march\ballonvaren\ballonvaren-cn\themes\ballonvaren\woocommerce\myaccount\orders.php on line 137

